app/build/outputs/logs/manifest-merger-debug-report.txt
-- Merging decision tree log ---
manifest
ADDED from src/main/AndroidManifest.xml:22:1-113:12
INJECTED from src/main/AndroidManifest.xml:22:1-113:12
INJECTED from src/main/AndroidManifest.xml:22:1-113:12
	package
		ADDED from src/main/AndroidManifest.xml:23:5-42
		INJECTED from src/main/AndroidManifest.xml
		INJECTED from src/main/AndroidManifest.xml
	xmlns:android
		ADDED from src/main/AndroidManifest.xml:22:11-69
application
ADDED from src/main/AndroidManifest.xml:25:5-111:19
	android:label
		ADDED from src/main/AndroidManifest.xml:26:9-41
	android:icon
		ADDED from src/main/AndroidManifest.xml:25:18-52
	android:allowBackup
		ADDED from src/main/AndroidManifest.xml:27:9-35
provider#com.example.android.notepad.NotePadProvider
ADDED from src/main/AndroidManifest.xml:28:9-29:74
	android:authorities
		ADDED from src/main/AndroidManifest.xml:29:13-71
	android:name
		ADDED from src/main/AndroidManifest.xml:28:19-49
activity#com.example.android.notepad.NotesList
ADDED from src/main/AndroidManifest.xml:31:9-49:20
	android:label
		ADDED from src/main/AndroidManifest.xml:32:13-53
	android:name
		ADDED from src/main/AndroidManifest.xml:31:19-43
intent-filter#action:name:android.intent.action.MAIN+category:name:android.intent.category.LAUNCHER
ADDED from src/main/AndroidManifest.xml:33:13-36:29
action#android.intent.action.MAIN
ADDED from src/main/AndroidManifest.xml:34:17-69
	android:name
		ADDED from src/main/AndroidManifest.xml:34:25-66
category#android.intent.category.LAUNCHER
ADDED from src/main/AndroidManifest.xml:35:17-77
	android:name
		ADDED from src/main/AndroidManifest.xml:35:27-74
intent-filter#action:name:android.intent.action.GET_CONTENT+category:name:android.intent.category.DEFAULT+data:mimeType:vnd.android.cursor.item/vnd.google.note
ADDED from src/main/AndroidManifest.xml:44:13-48:29
action#android.intent.action.GET_CONTENT
ADDED from src/main/AndroidManifest.xml:45:17-76
	android:name
		ADDED from src/main/AndroidManifest.xml:45:25-73
category#android.intent.category.DEFAULT
ADDED from src/main/AndroidManifest.xml:46:17-76
	android:name
		ADDED from src/main/AndroidManifest.xml:46:27-73
data
ADDED from src/main/AndroidManifest.xml:47:17-84
	android:mimeType
		ADDED from src/main/AndroidManifest.xml:47:23-81
activity#com.example.android.notepad.NoteEditor
ADDED from src/main/AndroidManifest.xml:51:9-74:20
	android:configChanges
		ADDED from src/main/AndroidManifest.xml:53:13-63
	android:theme
		ADDED from src/main/AndroidManifest.xml:52:13-55
	android:name
		ADDED from src/main/AndroidManifest.xml:51:19-44
intent-filter#action:name:android.intent.action.VIEW
ADDED from src/main/AndroidManifest.xml:57:13-64:29
	android:label
		ADDED from src/main/AndroidManifest.xml:57:28-64
	android:scheme
		ADDED from src/main/AndroidManifest.xml:58:17-38
action#android.intent.action.VIEW
ADDED from src/main/AndroidManifest.xml:59:15-67
	android:name
		ADDED from src/main/AndroidManifest.xml:59:23-64
intent-filter#action:name:android.intent.action.INSERT+category:name:android.intent.category.DEFAULT+data:mimeType:vnd.android.cursor.dir/vnd.google.note
ADDED from src/main/AndroidManifest.xml:68:13-72:29
action#android.intent.action.INSERT
ADDED from src/main/AndroidManifest.xml:69:17-71
	android:name
		ADDED from src/main/AndroidManifest.xml:69:25-68
activity#com.example.android.notepad.TitleEditor
ADDED from src/main/AndroidManifest.xml:76:9-101:20
	android:label
		ADDED from src/main/AndroidManifest.xml:77:13-53
	android:windowSoftInputMode
		ADDED from src/main/AndroidManifest.xml:80:13-55
	android:icon
		ADDED from src/main/AndroidManifest.xml:79:13-50
	android:theme
		ADDED from src/main/AndroidManifest.xml:78:13-56
	android:name
		ADDED from src/main/AndroidManifest.xml:76:19-45
intent-filter#action:name:com.android.notepad.action.EDIT_TITLE+category:name:android.intent.category.ALTERNATIVE+category:name:android.intent.category.DEFAULT+category:name:android.intent.category.SELECTED_ALTERNATIVE+data:mimeType:vnd.android.cursor.item/vnd.google.note
ADDED from src/main/AndroidManifest.xml:85:13-100:29
	android:label
		ADDED from src/main/AndroidManifest.xml:85:28-65
action#com.android.notepad.action.EDIT_TITLE
ADDED from src/main/AndroidManifest.xml:89:17-80
	android:name
		ADDED from src/main/AndroidManifest.xml:89:25-77
category#android.intent.category.ALTERNATIVE
ADDED from src/main/AndroidManifest.xml:94:17-80
	android:name
		ADDED from src/main/AndroidManifest.xml:94:27-77
category#android.intent.category.SELECTED_ALTERNATIVE
ADDED from src/main/AndroidManifest.xml:97:17-89
	android:name
		ADDED from src/main/AndroidManifest.xml:97:27-86
activity#com.example.android.notepad.NotesLiveFolder
ADDED from src/main/AndroidManifest.xml:103:9-109:20
	android:label
		ADDED from src/main/AndroidManifest.xml:103:50-90
	android:icon
		ADDED from src/main/AndroidManifest.xml:104:13-55
	android:name
		ADDED from src/main/AndroidManifest.xml:103:19-49
intent-filter#action:name:android.intent.action.CREATE_LIVE_FOLDER+category:name:android.intent.category.DEFAULT
ADDED from src/main/AndroidManifest.xml:105:13-108:29
action#android.intent.action.CREATE_LIVE_FOLDER
ADDED from src/main/AndroidManifest.xml:106:17-83
	android:name
		ADDED from src/main/AndroidManifest.xml:106:25-80
uses-permission#android.permission.WRITE_EXTERNAL_STORAGE
ADDED from src/main/AndroidManifest.xml:112:2-77
	android:name
		ADDED from src/main/AndroidManifest.xml:112:19-75
uses-sdk
INJECTED from src/main/AndroidManifest.xml reason: use-sdk injection requested
INJECTED from src/main/AndroidManifest.xml
INJECTED from src/main/AndroidManifest.xml
INJECTED from src/main/AndroidManifest.xml
INJECTED from src/main/AndroidManifest.xml
	android:targetSdkVersion
		INJECTED from src/main/AndroidManifest.xml
		ADDED from src/main/AndroidManifest.xml
		INJECTED from src/main/AndroidManifest.xml
	android:minSdkVersion
		INJECTED from src/main/AndroidManifest.xml
		ADDED from src/main/AndroidManifest.xml
		INJECTED from src/main/AndroidManifest.xml